{"name": "Проверяем появления нового закза в разделе в работе", "status": "broken", "statusDetails": {"message": "selenium.common.exceptions.ElementClickInterceptedException: Message: element click intercepted: Element <p class=\"AppHeader_header__linkText__3q_va ml-2\">...</p> is not clickable at point (300, 44). Other element would receive the click: <div class=\"Modal_modal_overlay__x2ZCr\"></div>\n  (Session info: chrome=128.0.6613.86)\nStacktrace:\n0   chromedriver                        0x00000001008cf9d8 cxxbridge1$str$ptr + 1887096\n1   chromedriver                        0x00000001008c7e40 cxxbridge1$str$ptr + 1855456\n2   chromedriver                        0x00000001004ccbe0 cxxbridge1$string$len + 89508\n3   chromedriver                        0x00000001005166fc cxxbridge1$string$len + 391360\n4   chromedriver                        0x0000000100514d28 cxxbridge1$string$len + 384748\n5   chromedriver                        0x0000000100512f54 cxxbridge1$string$len + 377112\n6   chromedriver                        0x00000001005124a0 cxxbridge1$string$len + 374372\n7   chromedriver                        0x0000000100507930 cxxbridge1$string$len + 330484\n8   chromedriver                        0x00000001005073c0 cxxbridge1$string$len + 329092\n9   chromedriver                        0x000000010054a4a4 cxxbridge1$string$len + 603752\n10  chromedriver                        0x0000000100505a08 cxxbridge1$string$len + 322508\n11  chromedriver                        0x000000010050666c cxxbridge1$string$len + 325680\n12  chromedriver                        0x0000000100896098 cxxbridge1$str$ptr + 1651256\n13  chromedriver                        0x000000010089a9cc cxxbridge1$str$ptr + 1669996\n14  chromedriver                        0x000000010087b22c cxxbridge1$str$ptr + 1541068\n15  chromedriver                        0x000000010089b29c cxxbridge1$str$ptr + 1672252\n16  chromedriver                        0x000000010086c840 cxxbridge1$str$ptr + 1481184\n17  chromedriver                        0x00000001008b9138 cxxbridge1$str$ptr + 1794776\n18  chromedriver                        0x00000001008b92b4 cxxbridge1$str$ptr + 1795156\n19  chromedriver                        0x00000001008c7adc cxxbridge1$str$ptr + 1854588\n20  libsystem_pthread.dylib             0x0000000180bdaf94 _pthread_start + 136\n21  libsystem_pthread.dylib             0x0000000180bd5d34 thread_start + 8", "trace": "self = <test_order_list.TestOrderList object at 0x102482c90>, driver = <selenium.webdriver.chrome.webdriver.WebDriver (session=\"4f53ff455fd7ca52eaece7ad099a94f9\")>\n\n    @allure.title(\"Проверяем появления нового закза в разделе в работе\")\n    @allure.description(\"Создаем заказ, переходим ленту, проверяем там наличие номера заказа\")\n    def test_check_new_order_in_work(self, driver):\n        main_page = MainPage(driver)\n        main_page.open_page(settings.URL)\n        main_page.add_ingredient()\n        main_page.enter_click_low()\n        main_page.set_login()\n        main_page.set_password()\n        main_page.enter_click()\n        main_page.place_order_click()\n>       main_page.check_order_number_in_work()\n\ntests/test_order_list.py:79: \n_ _ _ _ _ _ _ _ _ _ _ _ _ _ _ _ _ _ _ _ _ _ _ _ _ _ _ _ _ _ _ _ _ _ _ _ _ _ _ _ _ _ _ _ _ _ _ _ _ _ _ _ _ _ _ _ _ _ _ _ _ _ _ _ _ _ _ _ _ _ _ _ _ _ _ _ _ _ _ _ _ _ _ _ _ _ _ _ _ _ _ _ _ _\npages/main_page.py:185: in check_order_number_in_work\n    list_orders_button.click()\n.venv/lib/python3.12/site-packages/selenium/webdriver/remote/webelement.py:94: in click\n    self._execute(Command.CLICK_ELEMENT)\n.venv/lib/python3.12/site-packages/selenium/webdriver/remote/webelement.py:395: in _execute\n    return self._parent.execute(command, params)\n.venv/lib/python3.12/site-packages/selenium/webdriver/remote/webdriver.py:354: in execute\n    self.error_handler.check_response(response)\n_ _ _ _ _ _ _ _ _ _ _ _ _ _ _ _ _ _ _ _ _ _ _ _ _ _ _ _ _ _ _ _ _ _ _ _ _ _ _ _ _ _ _ _ _ _ _ _ _ _ _ _ _ _ _ _ _ _ _ _ _ _ _ _ _ _ _ _ _ _ _ _ _ _ _ _ _ _ _ _ _ _ _ _ _ _ _ _ _ _ _ _ _ _\n\nself = <selenium.webdriver.remote.errorhandler.ErrorHandler object at 0x10279c050>\nresponse = {'status': 400, 'value': '{\"value\":{\"error\":\"element click intercepted\",\"message\":\"element click intercepted: Element ...000180bdaf94 _pthread_start + 136\\\\n21  libsystem_pthread.dylib             0x0000000180bd5d34 thread_start + 8\\\\n\"}}'}\n\n    def check_response(self, response: Dict[str, Any]) -> None:\n        \"\"\"Checks that a JSON response from the WebDriver does not have an\n        error.\n    \n        :Args:\n         - response - The JSON response from the WebDriver server as a dictionary\n           object.\n    \n        :Raises: If the response contains an error message.\n        \"\"\"\n        status = response.get(\"status\", None)\n        if not status or status == ErrorCode.SUCCESS:\n            return\n        value = None\n        message = response.get(\"message\", \"\")\n        screen: str = response.get(\"screen\", \"\")\n        stacktrace = None\n        if isinstance(status, int):\n            value_json = response.get(\"value\", None)\n            if value_json and isinstance(value_json, str):\n                import json\n    \n                try:\n                    value = json.loads(value_json)\n                    if len(value) == 1:\n                        value = value[\"value\"]\n                    status = value.get(\"error\", None)\n                    if not status:\n                        status = value.get(\"status\", ErrorCode.UNKNOWN_ERROR)\n                        message = value.get(\"value\") or value.get(\"message\")\n                        if not isinstance(message, str):\n                            value = message\n                            message = message.get(\"message\")\n                    else:\n                        message = value.get(\"message\", None)\n                except ValueError:\n                    pass\n    \n        exception_class: Type[WebDriverException]\n        e = ErrorCode()\n        error_codes = [item for item in dir(e) if not item.startswith(\"__\")]\n        for error_code in error_codes:\n            error_info = getattr(ErrorCode, error_code)\n            if isinstance(error_info, list) and status in error_info:\n                exception_class = getattr(ExceptionMapping, error_code, WebDriverException)\n                break\n        else:\n            exception_class = WebDriverException\n    \n        if not value:\n            value = response[\"value\"]\n        if isinstance(value, str):\n            raise exception_class(value)\n        if message == \"\" and \"message\" in value:\n            message = value[\"message\"]\n    \n        screen = None  # type: ignore[assignment]\n        if \"screen\" in value:\n            screen = value[\"screen\"]\n    \n        stacktrace = None\n        st_value = value.get(\"stackTrace\") or value.get(\"stacktrace\")\n        if st_value:\n            if isinstance(st_value, str):\n                stacktrace = st_value.split(\"\\n\")\n            else:\n                stacktrace = []\n                try:\n                    for frame in st_value:\n                        line = frame.get(\"lineNumber\", \"\")\n                        file = frame.get(\"fileName\", \"<anonymous>\")\n                        if line:\n                            file = f\"{file}:{line}\"\n                        meth = frame.get(\"methodName\", \"<anonymous>\")\n                        if \"className\" in frame:\n                            meth = f\"{frame['className']}.{meth}\"\n                        msg = \"    at %s (%s)\"\n                        msg = msg % (meth, file)\n                        stacktrace.append(msg)\n                except TypeError:\n                    pass\n        if exception_class == UnexpectedAlertPresentException:\n            alert_text = None\n            if \"data\" in value:\n                alert_text = value[\"data\"].get(\"text\")\n            elif \"alert\" in value:\n                alert_text = value[\"alert\"].get(\"text\")\n            raise exception_class(message, screen, stacktrace, alert_text)  # type: ignore[call-arg]  # mypy is not smart enough here\n>       raise exception_class(message, screen, stacktrace)\nE       selenium.common.exceptions.ElementClickInterceptedException: Message: element click intercepted: Element <p class=\"AppHeader_header__linkText__3q_va ml-2\">...</p> is not clickable at point (300, 44). Other element would receive the click: <div class=\"Modal_modal_overlay__x2ZCr\"></div>\nE         (Session info: chrome=128.0.6613.86)\nE       Stacktrace:\nE       0   chromedriver                        0x00000001008cf9d8 cxxbridge1$str$ptr + 1887096\nE       1   chromedriver                        0x00000001008c7e40 cxxbridge1$str$ptr + 1855456\nE       2   chromedriver                        0x00000001004ccbe0 cxxbridge1$string$len + 89508\nE       3   chromedriver                        0x00000001005166fc cxxbridge1$string$len + 391360\nE       4   chromedriver                        0x0000000100514d28 cxxbridge1$string$len + 384748\nE       5   chromedriver                        0x0000000100512f54 cxxbridge1$string$len + 377112\nE       6   chromedriver                        0x00000001005124a0 cxxbridge1$string$len + 374372\nE       7   chromedriver                        0x0000000100507930 cxxbridge1$string$len + 330484\nE       8   chromedriver                        0x00000001005073c0 cxxbridge1$string$len + 329092\nE       9   chromedriver                        0x000000010054a4a4 cxxbridge1$string$len + 603752\nE       10  chromedriver                        0x0000000100505a08 cxxbridge1$string$len + 322508\nE       11  chromedriver                        0x000000010050666c cxxbridge1$string$len + 325680\nE       12  chromedriver                        0x0000000100896098 cxxbridge1$str$ptr + 1651256\nE       13  chromedriver                        0x000000010089a9cc cxxbridge1$str$ptr + 1669996\nE       14  chromedriver                        0x000000010087b22c cxxbridge1$str$ptr + 1541068\nE       15  chromedriver                        0x000000010089b29c cxxbridge1$str$ptr + 1672252\nE       16  chromedriver                        0x000000010086c840 cxxbridge1$str$ptr + 1481184\nE       17  chromedriver                        0x00000001008b9138 cxxbridge1$str$ptr + 1794776\nE       18  chromedriver                        0x00000001008b92b4 cxxbridge1$str$ptr + 1795156\nE       19  chromedriver                        0x00000001008c7adc cxxbridge1$str$ptr + 1854588\nE       20  libsystem_pthread.dylib             0x0000000180bdaf94 _pthread_start + 136\nE       21  libsystem_pthread.dylib             0x0000000180bd5d34 thread_start + 8\n\n.venv/lib/python3.12/site-packages/selenium/webdriver/remote/errorhandler.py:229: ElementClickInterceptedException"}, "description": "Создаем заказ, переходим ленту, проверяем там наличие номера заказа", "steps": [{"name": "Открываем браузер", "status": "passed", "parameters": [{"name": "driver", "value": "<selenium.webdriver.chrome.webdriver.WebDriver (session=\"4f53ff455fd7ca52eaece7ad099a94f9\")>"}], "start": 1724900226522, "stop": 1724900226522}, {"name": "Открываем страницу 'https://stellarburgers.nomoreparties.site/'", "status": "passed", "parameters": [{"name": "url", "value": "'https://stellarburgers.nomoreparties.site/'"}], "start": 1724900226522, "stop": 1724900227231}, {"name": "Перетаскиваем ингредиент", "status": "passed", "steps": [{"name": "Ищем нажимаемый элемент", "status": "passed", "parameters": [{"name": "locator", "value": "('xpath', '//p[contains(@class, \"AppHeader\") and text() = \"Конструктор\"]')"}], "start": 1724900227231, "stop": 1724900227257}, {"name": "Ищем видимый элемент", "status": "passed", "parameters": [{"name": "locator", "value": "('xpath', '//a[contains(@class, \"BurgerIngredient_ingredient\") and contains(@href, \"aaa6c\")]')"}], "start": 1724900227257, "stop": 1724900227271}, {"name": "Ищем видимый элемент", "status": "passed", "parameters": [{"name": "locator", "value": "('xpath', '//div[contains(@class, \"constructor-element constructor-element_pos_top\")]')"}], "start": 1724900227272, "stop": 1724900227282}], "start": 1724900227231, "stop": 1724900227287}, {"name": "Нажимаем кнопку Войти", "status": "passed", "steps": [{"name": "Ищем нажимаемый элемент", "status": "passed", "parameters": [{"name": "locator", "value": "('xpath', '//button[contains(@class, \"button_button\") and text() = \"Войти в аккаунт\"]')"}], "start": 1724900227287, "stop": 1724900227299}], "start": 1724900227287, "stop": 1724900227490}, {"name": "Вводим логин", "status": "passed", "steps": [{"name": "Ищем видимый элемент", "status": "passed", "parameters": [{"name": "locator", "value": "('xpath', '//input[contains(@class, \"input__textfield\") and @type = \"text\"]')"}], "start": 1724900227490, "stop": 1724900227504}], "start": 1724900227490, "stop": 1724900227587}, {"name": "Вводим пароль", "status": "passed", "steps": [{"name": "Ищем видимый элемент", "status": "passed", "parameters": [{"name": "locator", "value": "('xpath', '//input[contains(@class, \"input__textfield\") and @type = \"password\"]')"}], "start": 1724900227587, "stop": 1724900227598}], "start": 1724900227587, "stop": 1724900227624}, {"name": "Нажимаем кнопку Войти", "status": "passed", "steps": [{"name": "Ищем нажимаемый элемент", "status": "passed", "parameters": [{"name": "locator", "value": "('xpath', '//button[contains(@class, \"button\") and text() = \"Войти\"]')"}], "start": 1724900227624, "stop": 1724900227635}], "start": 1724900227624, "stop": 1724900227650}, {"name": "Нажимаем кнопку Заказать", "status": "passed", "steps": [{"name": "Ищем нажимаемый элемент", "status": "passed", "parameters": [{"name": "locator", "value": "('xpath', '//button[contains(@class, \"button_button\") and text() = \"Оформить заказ\"]')"}], "start": 1724900227650, "stop": 1724900228183}], "start": 1724900227650, "stop": 1724900228203}, {"name": "Сохраняем номер заказа и проверяем его в работе", "status": "broken", "statusDetails": {"message": "selenium.common.exceptions.ElementClickInterceptedException: Message: element click intercepted: Element <p class=\"AppHeader_header__linkText__3q_va ml-2\">...</p> is not clickable at point (300, 44). Other element would receive the click: <div class=\"Modal_modal_overlay__x2ZCr\"></div>\n  (Session info: chrome=128.0.6613.86)\nStacktrace:\n0   chromedriver                        0x00000001008cf9d8 cxxbridge1$str$ptr + 1887096\n1   chromedriver                        0x00000001008c7e40 cxxbridge1$str$ptr + 1855456\n2   chromedriver                        0x00000001004ccbe0 cxxbridge1$string$len + 89508\n3   chromedriver                        0x00000001005166fc cxxbridge1$string$len + 391360\n4   chromedriver                        0x0000000100514d28 cxxbridge1$string$len + 384748\n5   chromedriver                        0x0000000100512f54 cxxbridge1$string$len + 377112\n6   chromedriver                        0x00000001005124a0 cxxbridge1$string$len + 374372\n7   chromedriver                        0x0000000100507930 cxxbridge1$string$len + 330484\n8   chromedriver                        0x00000001005073c0 cxxbridge1$string$len + 329092\n9   chromedriver                        0x000000010054a4a4 cxxbridge1$string$len + 603752\n10  chromedriver                        0x0000000100505a08 cxxbridge1$string$len + 322508\n11  chromedriver                        0x000000010050666c cxxbridge1$string$len + 325680\n12  chromedriver                        0x0000000100896098 cxxbridge1$str$ptr + 1651256\n13  chromedriver                        0x000000010089a9cc cxxbridge1$str$ptr + 1669996\n14  chromedriver                        0x000000010087b22c cxxbridge1$str$ptr + 1541068\n15  chromedriver                        0x000000010089b29c cxxbridge1$str$ptr + 1672252\n16  chromedriver                        0x000000010086c840 cxxbridge1$str$ptr + 1481184\n17  chromedriver                        0x00000001008b9138 cxxbridge1$str$ptr + 1794776\n18  chromedriver                        0x00000001008b92b4 cxxbridge1$str$ptr + 1795156\n19  chromedriver                        0x00000001008c7adc cxxbridge1$str$ptr + 1854588\n20  libsystem_pthread.dylib             0x0000000180bdaf94 _pthread_start + 136\n21  libsystem_pthread.dylib             0x0000000180bd5d34 thread_start + 8\n\n", "trace": "  File \"/Users/annaevseenkova/PycharmProjects/Diplom3/.venv/lib/python3.12/site-packages/allure_commons/_allure.py\", line 192, in impl\n    return func(*a, **kw)\n           ^^^^^^^^^^^^^^\n  File \"/Users/annaevseenkova/PycharmProjects/Diplom3/pages/main_page.py\", line 185, in check_order_number_in_work\n    list_orders_button.click()\n  File \"/Users/annaevseenkova/PycharmProjects/Diplom3/.venv/lib/python3.12/site-packages/selenium/webdriver/remote/webelement.py\", line 94, in click\n    self._execute(Command.CLICK_ELEMENT)\n  File \"/Users/annaevseenkova/PycharmProjects/Diplom3/.venv/lib/python3.12/site-packages/selenium/webdriver/remote/webelement.py\", line 395, in _execute\n    return self._parent.execute(command, params)\n           ^^^^^^^^^^^^^^^^^^^^^^^^^^^^^^^^^^^^^\n  File \"/Users/annaevseenkova/PycharmProjects/Diplom3/.venv/lib/python3.12/site-packages/selenium/webdriver/remote/webdriver.py\", line 354, in execute\n    self.error_handler.check_response(response)\n  File \"/Users/annaevseenkova/PycharmProjects/Diplom3/.venv/lib/python3.12/site-packages/selenium/webdriver/remote/errorhandler.py\", line 229, in check_response\n    raise exception_class(message, screen, stacktrace)\n"}, "steps": [{"name": "Ищем видимый элемент", "status": "passed", "parameters": [{"name": "locator", "value": "('xpath', '//div[contains(@class, \"Modal_modal__contentBox\")]')"}], "start": 1724900228203, "stop": 1724900228743}, {"name": "Ищем видимый элемент", "status": "passed", "parameters": [{"name": "locator", "value": "('xpath', '//p[text() = \"Ваш заказ начали готовить\"]')"}], "start": 1724900228743, "stop": 1724900228762}, {"name": "Ищем нажимаемый элемент", "status": "passed", "parameters": [{"name": "locator", "value": "('xpath', '//button[contains(@class, \"Modal_modal__close_modified__3V5XS\")]')"}], "start": 1724900228762, "stop": 1724900228781}, {"name": "Ищем видимый элемент", "status": "passed", "parameters": [{"name": "locator", "value": "('xpath', '//h2[contains(@class, \"Modal_modal__title\")]')"}], "start": 1724900228781, "stop": 1724900228796}, {"name": "Ищем нажимаемый элемент", "status": "passed", "parameters": [{"name": "locator", "value": "('xpath', '//button[contains(@class, \"Modal_modal__close_modified__3V5XS\")]')"}], "start": 1724900228802, "stop": 1724900228812}, {"name": "Найти кнопку Закрыть модальное окно", "status": "passed", "start": 1724900228825, "stop": 1724900228830}, {"name": "Ищем нажимаемый элемент", "status": "passed", "parameters": [{"name": "locator", "value": "('xpath', '//p[contains(@class, \"AppHeader\") and text() = \"Лента Заказов\"]')"}], "start": 1724900228839, "stop": 1724900228848}], "start": 1724900228203, "stop": 1724900229975}], "parameters": [{"name": "driver", "value": "'chrome'"}], "start": 1724900226522, "stop": 1724900229978, "uuid": "edc63ae5-360c-44d6-b773-66e61d27161d", "historyId": "d69156cbfb4c32e54baabe46b1bdaad7", "testCaseId": "8b4905360e7c4a0fbb935f1f545daaa4", "fullName": "tests.test_order_list.TestOrderList#test_check_new_order_in_work", "labels": [{"name": "parentSuite", "value": "tests"}, {"name": "suite", "value": "test_order_list"}, {"name": "subSuite", "value": "TestOrderList"}, {"name": "host", "value": "Mac-mini-3"}, {"name": "thread", "value": "27015-MainThread"}, {"name": "framework", "value": "pytest"}, {"name": "language", "value": "cpython3"}, {"name": "package", "value": "tests.test_order_list"}]}