{"name": "Проверка перехода в личном кабинете в историю заказов", "status": "broken", "statusDetails": {"message": "selenium.common.exceptions.TimeoutException: Message: \nStacktrace:\n0   chromedriver                        0x000000010316b9d8 cxxbridge1$str$ptr + 1887096\n1   chromedriver                        0x0000000103163e40 cxxbridge1$str$ptr + 1855456\n2   chromedriver                        0x0000000102d68be0 cxxbridge1$string$len + 89508\n3   chromedriver                        0x0000000102dacf10 cxxbridge1$string$len + 368852\n4   chromedriver                        0x0000000102de64a4 cxxbridge1$string$len + 603752\n5   chromedriver                        0x0000000102da1a08 cxxbridge1$string$len + 322508\n6   chromedriver                        0x0000000102da266c cxxbridge1$string$len + 325680\n7   chromedriver                        0x0000000103132098 cxxbridge1$str$ptr + 1651256\n8   chromedriver                        0x00000001031369cc cxxbridge1$str$ptr + 1669996\n9   chromedriver                        0x000000010311722c cxxbridge1$str$ptr + 1541068\n10  chromedriver                        0x000000010313729c cxxbridge1$str$ptr + 1672252\n11  chromedriver                        0x0000000103108840 cxxbridge1$str$ptr + 1481184\n12  chromedriver                        0x0000000103155138 cxxbridge1$str$ptr + 1794776\n13  chromedriver                        0x00000001031552b4 cxxbridge1$str$ptr + 1795156\n14  chromedriver                        0x0000000103163adc cxxbridge1$str$ptr + 1854588\n15  libsystem_pthread.dylib             0x0000000180bdaf94 _pthread_start + 136\n16  libsystem_pthread.dylib             0x0000000180bd5d34 thread_start + 8", "trace": "self = <test_account_page.TestAccountPage object at 0x10244e990>, driver = <selenium.webdriver.chrome.webdriver.WebDriver (session=\"ade9a95879ca36e6cd0651b23bab9bcc\")>\n\n    @allure.title(\"Проверка перехода в личном кабинете в историю заказов\")\n    @allure.description(\"Проверяем в личном кабинете переход в список заказов и отображение заказа\")\n    def test_orders_list(self, driver):\n        account_page = AccountPage(driver)\n        account_page.open_page(settings.URL)\n        account_page.account_button_click()\n        account_page.set_login()\n        account_page.set_password()\n        account_page.enter_click()\n        account_page.account_button_click()\n>       account_page.history_button_click()\n\ntests/test_account_page.py:42: \n_ _ _ _ _ _ _ _ _ _ _ _ _ _ _ _ _ _ _ _ _ _ _ _ _ _ _ _ _ _ _ _ _ _ _ _ _ _ _ _ _ _ _ _ _ _ _ _ _ _ _ _ _ _ _ _ _ _ _ _ _ _ _ _ _ _ _ _ _ _ _ _ _ _ _ _ _ _ _ _ _ _ _ _ _ _ _ _ _ _ _ _ _ _\npages/account_page.py:107: in history_button_click\n    history_button = self.wait_and_find_clickable_element(self.HISTORY_BUTTON)\npages/base_page.py:24: in wait_and_find_clickable_element\n    WebDriverWait(self.driver, 30).until(expected_conditions.element_to_be_clickable(locator))\n_ _ _ _ _ _ _ _ _ _ _ _ _ _ _ _ _ _ _ _ _ _ _ _ _ _ _ _ _ _ _ _ _ _ _ _ _ _ _ _ _ _ _ _ _ _ _ _ _ _ _ _ _ _ _ _ _ _ _ _ _ _ _ _ _ _ _ _ _ _ _ _ _ _ _ _ _ _ _ _ _ _ _ _ _ _ _ _ _ _ _ _ _ _\n\nself = <selenium.webdriver.support.wait.WebDriverWait (session=\"ade9a95879ca36e6cd0651b23bab9bcc\")>, method = <function element_to_be_clickable.<locals>._predicate at 0x102701f80>\nmessage = ''\n\n    def until(self, method: Callable[[D], Union[Literal[False], T]], message: str = \"\") -> T:\n        \"\"\"Calls the method provided with the driver as an argument until the \\\n        return value does not evaluate to ``False``.\n    \n        :param method: callable(WebDriver)\n        :param message: optional message for :exc:`TimeoutException`\n        :returns: the result of the last call to `method`\n        :raises: :exc:`selenium.common.exceptions.TimeoutException` if timeout occurs\n        \"\"\"\n        screen = None\n        stacktrace = None\n    \n        end_time = time.monotonic() + self._timeout\n        while True:\n            try:\n                value = method(self._driver)\n                if value:\n                    return value\n            except self._ignored_exceptions as exc:\n                screen = getattr(exc, \"screen\", None)\n                stacktrace = getattr(exc, \"stacktrace\", None)\n            time.sleep(self._poll)\n            if time.monotonic() > end_time:\n                break\n>       raise TimeoutException(message, screen, stacktrace)\nE       selenium.common.exceptions.TimeoutException: Message: \nE       Stacktrace:\nE       0   chromedriver                        0x000000010316b9d8 cxxbridge1$str$ptr + 1887096\nE       1   chromedriver                        0x0000000103163e40 cxxbridge1$str$ptr + 1855456\nE       2   chromedriver                        0x0000000102d68be0 cxxbridge1$string$len + 89508\nE       3   chromedriver                        0x0000000102dacf10 cxxbridge1$string$len + 368852\nE       4   chromedriver                        0x0000000102de64a4 cxxbridge1$string$len + 603752\nE       5   chromedriver                        0x0000000102da1a08 cxxbridge1$string$len + 322508\nE       6   chromedriver                        0x0000000102da266c cxxbridge1$string$len + 325680\nE       7   chromedriver                        0x0000000103132098 cxxbridge1$str$ptr + 1651256\nE       8   chromedriver                        0x00000001031369cc cxxbridge1$str$ptr + 1669996\nE       9   chromedriver                        0x000000010311722c cxxbridge1$str$ptr + 1541068\nE       10  chromedriver                        0x000000010313729c cxxbridge1$str$ptr + 1672252\nE       11  chromedriver                        0x0000000103108840 cxxbridge1$str$ptr + 1481184\nE       12  chromedriver                        0x0000000103155138 cxxbridge1$str$ptr + 1794776\nE       13  chromedriver                        0x00000001031552b4 cxxbridge1$str$ptr + 1795156\nE       14  chromedriver                        0x0000000103163adc cxxbridge1$str$ptr + 1854588\nE       15  libsystem_pthread.dylib             0x0000000180bdaf94 _pthread_start + 136\nE       16  libsystem_pthread.dylib             0x0000000180bd5d34 thread_start + 8\n\n.venv/lib/python3.12/site-packages/selenium/webdriver/support/wait.py:105: TimeoutException"}, "description": "Проверяем в личном кабинете переход в список заказов и отображение заказа", "steps": [{"name": "Открываем браузер", "status": "passed", "parameters": [{"name": "driver", "value": "<selenium.webdriver.chrome.webdriver.WebDriver (session=\"ade9a95879ca36e6cd0651b23bab9bcc\")>"}], "start": 1724900069175, "stop": 1724900069175}, {"name": "Открываем страницу 'https://stellarburgers.nomoreparties.site/'", "status": "passed", "parameters": [{"name": "url", "value": "'https://stellarburgers.nomoreparties.site/'"}], "start": 1724900069175, "stop": 1724900069885}, {"name": "Нажать кнопку Личный Кабинет", "status": "passed", "steps": [{"name": "Ищем нажимаемый элемент", "status": "passed", "parameters": [{"name": "locator", "value": "('xpath', '//p[contains(@class, \"AppHeader\") and text() = \"Личный Кабинет\"]')"}], "start": 1724900069885, "stop": 1724900069912}], "start": 1724900069885, "stop": 1724900070168}, {"name": "Вводим логин", "status": "passed", "steps": [{"name": "Ищем видимый элемент", "status": "passed", "parameters": [{"name": "locator", "value": "('xpath', '//input[contains(@class, \"input__textfield\") and @type = \"text\"]')"}], "start": 1724900070168, "stop": 1724900070184}], "start": 1724900070168, "stop": 1724900070267}, {"name": "Вводим пароль", "status": "passed", "steps": [{"name": "Ищем видимый элемент", "status": "passed", "parameters": [{"name": "locator", "value": "('xpath', '//input[contains(@class, \"input__textfield\") and @type = \"password\"]')"}], "start": 1724900070267, "stop": 1724900070281}], "start": 1724900070267, "stop": 1724900070311}, {"name": "Нажимаем кнопку Войти", "status": "passed", "steps": [{"name": "Ищем нажимаемый элемент", "status": "passed", "parameters": [{"name": "locator", "value": "('xpath', '//button[contains(@class, \"button\") and text() = \"Войти\"]')"}], "start": 1724900070311, "stop": 1724900070323}], "start": 1724900070311, "stop": 1724900070337}, {"name": "Нажать кнопку Личный Кабинет", "status": "passed", "steps": [{"name": "Ищем нажимаемый элемент", "status": "passed", "parameters": [{"name": "locator", "value": "('xpath', '//p[contains(@class, \"AppHeader\") and text() = \"Личный Кабинет\"]')"}], "start": 1724900070337, "stop": 1724900070346}], "start": 1724900070337, "stop": 1724900070358}, {"name": "Нажать кнопку История", "status": "broken", "statusDetails": {"message": "selenium.common.exceptions.TimeoutException: Message: \nStacktrace:\n0   chromedriver                        0x000000010316b9d8 cxxbridge1$str$ptr + 1887096\n1   chromedriver                        0x0000000103163e40 cxxbridge1$str$ptr + 1855456\n2   chromedriver                        0x0000000102d68be0 cxxbridge1$string$len + 89508\n3   chromedriver                        0x0000000102dacf10 cxxbridge1$string$len + 368852\n4   chromedriver                        0x0000000102de64a4 cxxbridge1$string$len + 603752\n5   chromedriver                        0x0000000102da1a08 cxxbridge1$string$len + 322508\n6   chromedriver                        0x0000000102da266c cxxbridge1$string$len + 325680\n7   chromedriver                        0x0000000103132098 cxxbridge1$str$ptr + 1651256\n8   chromedriver                        0x00000001031369cc cxxbridge1$str$ptr + 1669996\n9   chromedriver                        0x000000010311722c cxxbridge1$str$ptr + 1541068\n10  chromedriver                        0x000000010313729c cxxbridge1$str$ptr + 1672252\n11  chromedriver                        0x0000000103108840 cxxbridge1$str$ptr + 1481184\n12  chromedriver                        0x0000000103155138 cxxbridge1$str$ptr + 1794776\n13  chromedriver                        0x00000001031552b4 cxxbridge1$str$ptr + 1795156\n14  chromedriver                        0x0000000103163adc cxxbridge1$str$ptr + 1854588\n15  libsystem_pthread.dylib             0x0000000180bdaf94 _pthread_start + 136\n16  libsystem_pthread.dylib             0x0000000180bd5d34 thread_start + 8\n\n", "trace": "  File \"/Users/annaevseenkova/PycharmProjects/Diplom3/.venv/lib/python3.12/site-packages/allure_commons/_allure.py\", line 192, in impl\n    return func(*a, **kw)\n           ^^^^^^^^^^^^^^\n  File \"/Users/annaevseenkova/PycharmProjects/Diplom3/pages/account_page.py\", line 107, in history_button_click\n    history_button = self.wait_and_find_clickable_element(self.HISTORY_BUTTON)\n                     ^^^^^^^^^^^^^^^^^^^^^^^^^^^^^^^^^^^^^^^^^^^^^^^^^^^^^^^^^\n  File \"/Users/annaevseenkova/PycharmProjects/Diplom3/.venv/lib/python3.12/site-packages/allure_commons/_allure.py\", line 192, in impl\n    return func(*a, **kw)\n           ^^^^^^^^^^^^^^\n  File \"/Users/annaevseenkova/PycharmProjects/Diplom3/pages/base_page.py\", line 24, in wait_and_find_clickable_element\n    WebDriverWait(self.driver, 30).until(expected_conditions.element_to_be_clickable(locator))\n  File \"/Users/annaevseenkova/PycharmProjects/Diplom3/.venv/lib/python3.12/site-packages/selenium/webdriver/support/wait.py\", line 105, in until\n    raise TimeoutException(message, screen, stacktrace)\n"}, "steps": [{"name": "Ищем нажимаемый элемент", "status": "broken", "statusDetails": {"message": "selenium.common.exceptions.TimeoutException: Message: \nStacktrace:\n0   chromedriver                        0x000000010316b9d8 cxxbridge1$str$ptr + 1887096\n1   chromedriver                        0x0000000103163e40 cxxbridge1$str$ptr + 1855456\n2   chromedriver                        0x0000000102d68be0 cxxbridge1$string$len + 89508\n3   chromedriver                        0x0000000102dacf10 cxxbridge1$string$len + 368852\n4   chromedriver                        0x0000000102de64a4 cxxbridge1$string$len + 603752\n5   chromedriver                        0x0000000102da1a08 cxxbridge1$string$len + 322508\n6   chromedriver                        0x0000000102da266c cxxbridge1$string$len + 325680\n7   chromedriver                        0x0000000103132098 cxxbridge1$str$ptr + 1651256\n8   chromedriver                        0x00000001031369cc cxxbridge1$str$ptr + 1669996\n9   chromedriver                        0x000000010311722c cxxbridge1$str$ptr + 1541068\n10  chromedriver                        0x000000010313729c cxxbridge1$str$ptr + 1672252\n11  chromedriver                        0x0000000103108840 cxxbridge1$str$ptr + 1481184\n12  chromedriver                        0x0000000103155138 cxxbridge1$str$ptr + 1794776\n13  chromedriver                        0x00000001031552b4 cxxbridge1$str$ptr + 1795156\n14  chromedriver                        0x0000000103163adc cxxbridge1$str$ptr + 1854588\n15  libsystem_pthread.dylib             0x0000000180bdaf94 _pthread_start + 136\n16  libsystem_pthread.dylib             0x0000000180bd5d34 thread_start + 8\n\n", "trace": "  File \"/Users/annaevseenkova/PycharmProjects/Diplom3/.venv/lib/python3.12/site-packages/allure_commons/_allure.py\", line 192, in impl\n    return func(*a, **kw)\n           ^^^^^^^^^^^^^^\n  File \"/Users/annaevseenkova/PycharmProjects/Diplom3/pages/base_page.py\", line 24, in wait_and_find_clickable_element\n    WebDriverWait(self.driver, 30).until(expected_conditions.element_to_be_clickable(locator))\n  File \"/Users/annaevseenkova/PycharmProjects/Diplom3/.venv/lib/python3.12/site-packages/selenium/webdriver/support/wait.py\", line 105, in until\n    raise TimeoutException(message, screen, stacktrace)\n"}, "parameters": [{"name": "locator", "value": "('xpath', '//a[contains(@class, \"Account_link\") and text() = \"История заказов\"]')"}], "start": 1724900070358, "stop": 1724900100660}], "start": 1724900070358, "stop": 1724900100661}], "parameters": [{"name": "driver", "value": "'chrome'"}], "start": 1724900069175, "stop": 1724900100663, "uuid": "202d1581-6221-4769-9ed1-f92df9d2d02b", "historyId": "8c0f3433f0d05a5748f89aa4a50a7576", "testCaseId": "acce6daf5f815d9b5b65f5c5393e9eb7", "fullName": "tests.test_account_page.TestAccountPage#test_orders_list", "labels": [{"name": "parentSuite", "value": "tests"}, {"name": "suite", "value": "test_account_page"}, {"name": "subSuite", "value": "TestAccountPage"}, {"name": "host", "value": "Mac-mini-3"}, {"name": "thread", "value": "27015-MainThread"}, {"name": "framework", "value": "pytest"}, {"name": "language", "value": "cpython3"}, {"name": "package", "value": "tests.test_account_page"}]}